make all --print-data-base --no-builtin-variables --no-builtin-rules --question
# GNU Make 3.81
# Copyright (C) 2006  Free Software Foundation, Inc.
# This is free software; see the source for copying conditions.
# There is NO warranty; not even for MERCHANTABILITY or FITNESS FOR A
# PARTICULAR PURPOSE.

# This program built for i386-apple-darwin11.3.0

# Make data base, printed on Thu Apr  7 11:00:55 2022

# Variables

# automatic
<D = $(patsubst %/,%,$(dir $<))
# automatic
?F = $(notdir $?)
# environment
_VIRTUALENVWRAPPER_API =  mkvirtualenv rmvirtualenv lsvirtualenv showvirtualenv workon add2virtualenv cdsitepackages cdvirtualenv lssitepackages toggleglobalsitepackages cpvirtualenv setvirtualenvproject mkproject cdproject mktmpenv wipeenv allvirtualenv
# environment
VSCODE_LOG_NATIVE = false
# automatic
?D = $(patsubst %/,%,$(dir $?))
# automatic
@D = $(patsubst %/,%,$(dir $@))
# automatic
@F = $(notdir $@)
# makefile
CURDIR := /Users/dklaussen/workspace/testlab
# makefile
SHELL = /bin/sh
# environment
VSCODE_NLS_CONFIG = {"locale":"en-us","availableLanguages":{},"_languagePackSupport":true}
# environment
_ = /usr/bin/make
# makefile
MAKEFILE_LIST := 
# environment
VSCODE_VERBOSE_LOGGING = true
# environment
__CFBundleIdentifier = com.microsoft.VSCode
# environment
VSCODE_IPC_HOOK_EXTHOST = /var/folders/9s/25v4mz3n2j30j634w9s_hjy00000gn/T/vscode-ipc-0c7bdcaa-68a6-4b26-81b5-9c0af0bf0610.sock
# environment
PYENV_VIRTUALENVWRAPPER_PYENV_VERSION = 3.9.6:2.7.18:jupyter3:ipython2
# environment
PATH = /Users/dklaussen/.pyenv/shims:/Users/dklaussen/.pyenv/bin:/Users/dklaussen/bin:/usr/local/bin:/usr/bin:/bin:/usr/sbin:/sbin:/usr/local/munki:/Library/Apple/usr/bin:/Applications:/Users/dklaussen/.yarn/bin::/Users/dklaussen/.config/yarn/global/node_modules/.bin
# environment
LSCOLORS = Gxfxcxdxbxegedabagacad
# environment
VSCODE_HANDLES_UNCAUGHT_ERRORS = true
# environment
VIRTUALENVWRAPPER_PYTHON = /Users/dklaussen/.pyenv/versions/3.9.6/bin/python
# environment
LaunchInstanceID = 5A97D05B-27FD-4B2D-9701-93BB0A7F1B38
# environment
VSCODE_LOG_STACK = false
# environment
ELECTRON_RUN_AS_NODE = 1
# environment
PYENV_ROOT = /Users/dklaussen/.pyenv
# default
.FEATURES := target-specific order-only second-expansion else-if archives jobserver check-symlink
# environment
SSH_AUTH_SOCK = /private/tmp/com.apple.launchd.OCp2TAv20u/Listeners
# automatic
%F = $(notdir $%)
# environment
VIRTUALENVWRAPPER_VIRTUALENV = /Users/dklaussen/.pyenv/versions/3.9.6/bin/virtualenv
# environment
VSCODE_PIPE_LOGGING = true
# environment
PWD = /Users/dklaussen/workspace/testlab
# environment
PROJECT_HOME = /Users/dklaussen/workspace
# environment
VSCODE_CWD = /
# environment
ORIGINAL_XDG_CURRENT_DESKTOP = undefined
# environment
MANPATH = /usr/local/man:
# environment
VSCODE_AMD_ENTRYPOINT = vs/workbench/api/node/extensionHostProcess
# environment
PYENV_SHELL = zsh
# environment
HOME = /Users/dklaussen
# default
MAKEFILEPATH = $(shell /usr/bin/xcode-select -print-path 2>/dev/null || echo /Developer)/Makefiles
# environment
VSCODE_CODE_CACHE_PATH = /Users/dklaussen/Library/Application Support/Code/CachedData/e18005f0f1b33c29e81d732535d8c0e47cafb0b5
# environment
LOGNAME = dklaussen
# environment
APPLICATION_INSIGHTS_NO_DIAGNOSTIC_CHANNEL = 1
# environment
NVM_CD_FLAGS = -q
# environment
ZSH = /Users/dklaussen/.oh-my-zsh
# environment
WORKON_HOME = /Users/dklaussen/.ve
# automatic
^D = $(patsubst %/,%,$(dir $^))
# environment
XPC_FLAGS = 0x0
# environment
VIRTUALENVWRAPPER_VIRTUALENV_CLONE = /Users/dklaussen/.pyenv/versions/3.9.6/bin/virtualenv-clone
# default
MAKE = $(MAKE_COMMAND)
# default
MAKECMDGOALS := all
# environment
SHLVL = 1
# default
MAKE_VERSION := 3.81
# environment
USER = dklaussen
# makefile
.DEFAULT_GOAL := 
# environment
LESS = -R
# automatic
%D = $(patsubst %/,%,$(dir $%))
# default
MAKE_COMMAND := /Library/Developer/CommandLineTools/usr/bin/make
# default
.VARIABLES := 
# environment
TMPDIR = /var/folders/9s/25v4mz3n2j30j634w9s_hjy00000gn/T/
# automatic
*F = $(notdir $*)
# environment
VSCODE_IPC_HOOK = /Users/dklaussen/Library/Application Support/Code/1.66.0-main.sock
# makefile
MAKEFLAGS = Rrqp
# environment
MFLAGS = -Rrqp
# automatic
*D = $(patsubst %/,%,$(dir $*))
# environment
NVM_DIR = /Users/dklaussen/.nvm
# environment
XPC_SERVICE_NAME = application.com.microsoft.VSCode.73433450.73433456
# automatic
+D = $(patsubst %/,%,$(dir $+))
# automatic
+F = $(notdir $+)
# environment
__CF_USER_TEXT_ENCODING = 0x1F5:0x0:0x0
# environment
COMMAND_MODE = unix2003
# default
MAKEFILES := 
# automatic
<F = $(notdir $<)
# environment
VIRTUALENVWRAPPER_SCRIPT = /Users/dklaussen/.pyenv/versions/3.9.6/bin/virtualenvwrapper.sh
# environment
PAGER = less
# environment
LC_ALL = C
# environment
SECURITYSESSIONID = 186ad
# automatic
^F = $(notdir $^)
# default
SUFFIXES := 
# default
.INCLUDE_DIRS = /usr/local/include
# environment
MAKELEVEL := 0
# environment
LANG = C
# environment
VIRTUALENVWRAPPER_LAZY_SCRIPT = /Users/dklaussen/.pyenv/versions/3.9.6/bin/virtualenvwrapper_lazy.sh
# environment
VSCODE_PID = 33794
# environment
NVM_RC_VERSION = 
# variable set hash-table stats:
# Load=83/1024=8%, Rehash=0, Collisions=3/104=3%

# Pattern-specific Variable Values

# No pattern-specific variable values.

# Directories

# . (device 16777233, inode 67748528): 8 files, no impossibilities.

# 8 files, no impossibilities in 1 directories.

# Implicit Rules

# No implicit rules.

# Files

# Not a target:
all:
#  Command-line target.
#  Implicit rule search has been done.
#  File does not exist.
#  File has not been updated.
# variable set hash-table stats:
# Load=0/32=0%, Rehash=0, Collisions=0/0=0%

# Not a target:
.SUFFIXES:
#  Implicit rule search has not been done.
#  Modification time never checked.
#  File has not been updated.

# Not a target:
Makefile:
#  A default, MAKEFILES, or -include/sinclude makefile.
#  Implicit rule search has been done.
#  File does not exist.
#  File has been updated.
#  Failed to be updated.
# variable set hash-table stats:
# Load=0/32=0%, Rehash=0, Collisions=0/0=0%

# Not a target:
makefile:
#  A default, MAKEFILES, or -include/sinclude makefile.
#  Implicit rule search has been done.
#  File does not exist.
#  File has been updated.
#  Failed to be updated.
# variable set hash-table stats:
# Load=0/32=0%, Rehash=0, Collisions=0/0=0%

# Not a target:
.DEFAULT:
#  Implicit rule search has not been done.
#  Modification time never checked.
#  File has not been updated.

# Not a target:
GNUmakefile:
#  A default, MAKEFILES, or -include/sinclude makefile.
#  Implicit rule search has been done.
#  File does not exist.
#  File has been updated.
#  Failed to be updated.
# variable set hash-table stats:
# Load=0/32=0%, Rehash=0, Collisions=0/0=0%

# files hash-table stats:
# Load=6/1024=1%, Rehash=0, Collisions=0/17=0%
# VPATH Search Paths

# No `vpath' search paths.

# No general (`VPATH' variable) search path.

# # of strings in strcache: 0
# # of strcache buffers: 0
# strcache size: total = 0 / max = 0 / min = 4096 / avg = 0
# strcache free: total = 0 / max = 0 / min = 4096 / avg = 0

# Finished Make data base on Thu Apr  7 11:00:55 2022

 
make: *** No rule to make target `all'.  Stop.

